G1 0.2222222222222222
A2 0.3333333333333333
L3 1.0
T4 0.4666666666666667
E5 0.6
S6 0.4166666666666667
Q7 0.4666666666666667
A8 0.0
A9 0.25
L10 0.4166666666666667
V11 1.0
K12 0.5333333333333333
S13 0.3333333333333333
S14 0.25
W15 1.0
E16 0.13333333333333333
E17 0.4666666666666667
F18 0.2222222222222222
N19 0.3333333333333333
A20 1.0
N21 0.4444444444444444
I22 0.5
P23 0.19047619047619047
K24 0.26666666666666666
H25 0.75
T26 0.06666666666666667
H27 0.25
R28 0.2
F29 0.2222222222222222
F30 0.3333333333333333
I31 0.4166666666666667
L32 0.0
V33 0.5
L34 0.3333333333333333
E35 0.2
I36 0.0
A37 0.0
P38 1.0
A39 0.25
A40 0.3333333333333333
K41 0.5333333333333333
D42 0.6111111111111112
L43 -0.08333333333333333
F44 1.0
S45 0.3333333333333333
F46 0.2777777777777778
L47 0.5
K48 0.6
G49 0.5555555555555556
T50 0.3333333333333333
S51 0.5
E52 0.8
V53 0.75
P54 0.23809523809523808
Q55 0.3333333333333333
N56 0.16666666666666666
N57 0.3333333333333333
P58 0.23809523809523808
E59 0.4
L60 0.5833333333333334
Q61 0.4666666666666667
A62 0.25
H63 1.0
A64 0.3333333333333333
G65 0.05555555555555555
K66 0.6
V67 1.0
F68 0.2222222222222222
K69 0.2
L70 0.16666666666666666
V71 0.16666666666666666
Y72 0.23809523809523808
E73 0.2
A74 0.16666666666666666
A75 1.0
I76 0.6666666666666666
Q77 0.13333333333333333
L78 0.0
E79 0.06666666666666667
V80 0.75
T81 0.26666666666666666
G82 0.1111111111111111
V83 0.5
V84 -0.16666666666666666
V85 -0.16666666666666666
T86 0.13333333333333333
D87 0.3888888888888889
A88 0.5
T89 0.26666666666666666
L90 1.0
K91 0.6666666666666666
N92 0.1111111111111111
L93 1.0
G94 0.3333333333333333
S95 0.3333333333333333
V96 0.25
H97 1.0
V98 0.3333333333333333
S99 0.3333333333333333
K100 1.0
G101 0.1111111111111111
V102 0.9166666666666666
A103 0.08333333333333333
D104 0.1111111111111111
A105 0.25
H106 0.4583333333333333
F107 0.6666666666666666
P108 0.23809523809523808
V109 0.3333333333333333
V110 0.6666666666666666
K111 0.3333333333333333
E112 0.6666666666666666
A113 0.6666666666666666
I114 0.8333333333333334
L115 0.8333333333333334
K116 0.13333333333333333
T117 0.6666666666666666
I118 0.6666666666666666
K119 0.2
E120 0.26666666666666666
V121 -0.16666666666666666
V122 0.16666666666666666
G123 0.1111111111111111
A124 0.6666666666666666
K125 0.3333333333333333
W126 0.3939393939393939
S127 0.4166666666666667
E128 0.2
E129 0.4
L130 0.3333333333333333
N131 0.3888888888888889
S132 0.4166666666666667
A133 0.75
W134 0.24242424242424243
T135 0.26666666666666666
I136 -0.16666666666666666
A137 0.5
Y138 0.23809523809523808
D139 0.3333333333333333
E140 0.13333333333333333
L141 0.4166666666666667
A142 0.3333333333333333
I143 0.0
V144 0.4166666666666667
I145 0.8333333333333334
K146 0.2
K147 0.26666666666666666
E148 0.4666666666666667
M149 0.2
D150 0.16666666666666666
D151 0.3888888888888889
A152 0.16666666666666666
A153 0.25
