V1 0.6666666666666666
L2 1.0
S3 0.75
P4 0.23809523809523808
A5 0.4166666666666667
D6 0.4444444444444444
K7 0.06666666666666667
T8 0.26666666666666666
N9 0.0
V10 1.0
K11 0.5333333333333333
A12 0.25
A13 0.4166666666666667
W14 1.0
G15 0.2222222222222222
K16 0.7333333333333333
V17 0.5833333333333334
G18 0.2222222222222222
A19 1.0
H20 0.3333333333333333
A21 0.25
G22 0.2222222222222222
E23 0.26666666666666666
Y24 0.5238095238095238
G25 0.5555555555555556
A26 0.08333333333333333
E27 0.4666666666666667
A28 0.08333333333333333
L29 0.6666666666666666
E30 -0.06666666666666667
R31 0.5333333333333333
M32 0.5333333333333333
F33 0.6666666666666666
L34 -0.08333333333333333
S35 0.5
F36 0.16666666666666666
P37 1.0
T38 0.26666666666666666
T39 0.6666666666666666
K40 0.5333333333333333
T41 0.2
Y42 0.19047619047619047
F43 0.6111111111111112
P44 0.23809523809523808
H45 0.20833333333333334
F46 1.0
D47 0.2777777777777778
L48 0.08333333333333333
S49 0.0
H50 0.25
G51 0.5555555555555556
S52 0.4166666666666667
A53 0.75
Q54 0.6
V55 0.75
K56 0.7333333333333333
G57 0.2222222222222222
H58 1.0
G59 0.6666666666666666
K60 0.06666666666666667
K61 0.6
V62 1.0
A63 0.08333333333333333
D64 0.16666666666666666
A65 1.0
L66 0.8333333333333334
T67 0.13333333333333333
N68 0.05555555555555555
A69 0.16666666666666666
V70 0.75
A71 0.25
H72 0.20833333333333334
V73 0.5
D74 0.1111111111111111
D75 0.1111111111111111
M76 0.13333333333333333
P77 0.23809523809523808
N78 0.1111111111111111
A79 0.25
L80 1.0
S81 0.3333333333333333
A82 0.08333333333333333
L83 1.0
S84 0.4166666666666667
D85 0.3333333333333333
L86 0.25
H87 1.0
A88 0.6666666666666666
H89 0.20833333333333334
K90 1.0
L91 0.0
R92 0.3333333333333333
V93 0.9166666666666666
D94 0.16666666666666666
P95 0.14285714285714285
V96 0.16666666666666666
N97 0.2777777777777778
F98 0.6666666666666666
K99 0.3333333333333333
L100 0.4166666666666667
L101 0.5833333333333334
S102 0.6666666666666666
H103 0.3333333333333333
C104 0.3333333333333333
L105 0.6666666666666666
L106 0.8333333333333334
V107 -0.08333333333333333
T108 0.6666666666666666
L109 0.8333333333333334
A110 0.08333333333333333
A111 0.3333333333333333
H112 0.20833333333333334
L113 0.16666666666666666
P114 0.5714285714285714
A115 0.6666666666666666
E116 0.5333333333333333
F117 0.7222222222222222
T118 0.26666666666666666
P119 0.23809523809523808
A120 0.08333333333333333
V121 0.4166666666666667
H122 0.375
A123 0.4166666666666667
S124 0.5
L125 0.3333333333333333
D126 0.3333333333333333
K127 0.4666666666666667
F128 0.1111111111111111
L129 0.5833333333333334
A130 0.08333333333333333
S131 0.16666666666666666
V132 0.3333333333333333
S133 0.3333333333333333
T134 0.2
V135 0.4166666666666667
L136 0.6666666666666666
T137 0.26666666666666666
S138 0.4166666666666667
K139 0.7333333333333333
Y140 0.6190476190476191
R141 0.3333333333333333
