V1 0.6666666666666666
L2 1.0
S3 0.75
E4 0.6
G5 0.3333333333333333
E6 0.6
W7 0.15151515151515152
Q8 0.2
L9 0.4166666666666667
V10 1.0
L11 0.0
H12 0.20833333333333334
V13 0.16666666666666666
W14 1.0
A15 0.25
K16 0.7333333333333333
V17 0.5833333333333334
E18 0.2
A19 1.0
D20 0.3333333333333333
V21 0.5833333333333334
A22 0.25
G23 0.1111111111111111
H24 0.75
G25 0.5555555555555556
Q26 0.26666666666666666
D27 0.3333333333333333
I28 0.25
L29 0.6666666666666666
I30 0.4166666666666667
R31 0.5333333333333333
L32 0.5833333333333334
F33 0.6666666666666666
K34 0.26666666666666666
S35 0.5
H36 0.20833333333333334
P37 1.0
E38 0.2
T39 0.6666666666666666
L40 0.0
E41 0.2
K42 0.13333333333333333
F43 0.6111111111111112
D44 0.6111111111111112
R45 0.2
F46 1.0
K47 0.26666666666666666
H48 0.16666666666666666
L49 0.5
K50 0.6
T51 0.06666666666666667
E52 0.26666666666666666
A53 0.75
E54 0.8
M55 0.4666666666666667
K56 0.3333333333333333
A57 0.08333333333333333
S58 0.3333333333333333
E59 0.2
D60 0.3888888888888889
L61 0.5833333333333334
K62 0.7333333333333333
K63 0.13333333333333333
H64 1.0
G65 0.6666666666666666
V66 -0.08333333333333333
T67 0.2
V68 1.0
L69 0.25
T70 0.26666666666666666
A71 1.0
L72 0.8333333333333334
G73 0.1111111111111111
A74 0.08333333333333333
I75 0.0
L76 0.5
K77 0.2
K78 0.13333333333333333
K79 0.06666666666666667
G80 0.1111111111111111
H81 0.16666666666666666
H82 0.16666666666666666
E83 0.4
A84 0.5
E85 0.2
L86 1.0
K87 0.6666666666666666
P88 0.19047619047619047
L89 1.0
A90 0.4166666666666667
Q91 0.3333333333333333
S92 0.0
H93 1.0
A94 0.6666666666666666
T95 0.26666666666666666
K96 1.0
H97 0.16666666666666666
K98 0.3333333333333333
I99 0.8333333333333334
P100 0.23809523809523808
I101 -0.16666666666666666
K102 0.13333333333333333
Y103 0.3333333333333333
L104 0.3333333333333333
E105 0.3333333333333333
F106 0.2777777777777778
I107 0.75
S108 0.6666666666666666
E109 0.6666666666666666
A110 0.6666666666666666
I111 0.8333333333333334
I112 0.6666666666666666
H113 0.16666666666666666
V114 0.3333333333333333
L115 0.8333333333333334
H116 0.20833333333333334
S117 0.4166666666666667
R118 0.13333333333333333
H119 0.08333333333333333
P120 0.5714285714285714
G121 0.3333333333333333
D122 0.3888888888888889
F123 0.7222222222222222
G124 0.2222222222222222
A125 0.16666666666666666
D126 0.3333333333333333
A127 0.25
Q128 0.3333333333333333
G129 0.3333333333333333
A130 0.75
M131 0.4
N132 0.3888888888888889
K133 0.4666666666666667
A134 0.5
L135 0.5833333333333334
E136 0.4
L137 -0.08333333333333333
F138 0.2777777777777778
R139 0.2
K140 0.06666666666666667
D141 0.0
I142 0.8333333333333334
A143 0.25
A144 0.3333333333333333
K145 0.7333333333333333
Y146 0.6190476190476191
K147 0.4
E148 0.4
L149 0.16666666666666666
G150 0.2777777777777778
Y151 0.23809523809523808
Q152 0.2
G153 0.2222222222222222
